########### array before sorts ###########
0	0.000000	0.000000	100.000000	0.000000	n
1	100.000000	0.000000	100.000000	80.000000	n
2	100.000000	80.000000	0.000000	80.000000	n
3	0.000000	80.000000	0.000000	0.000000	n
4	3.300000	78.000000	3.288878	78.169684	n
5	3.288878	78.169684	3.255704	78.336465	n
6	3.255704	78.336465	3.125833	78.650000	n
7	3.125833	78.650000	2.919239	78.919239	n
8	2.919239	78.919239	2.650000	79.125833	n
9	2.650000	79.125833	2.336465	79.255704	n
10	2.336465	79.255704	2.000000	79.300000	n
11	2.000000	79.300000	1.663535	79.255704	n
12	1.663535	79.255704	1.350000	79.125833	n
13	1.350000	79.125833	1.080761	78.919239	n
14	1.080761	78.919239	0.874167	78.650000	n
15	0.874167	78.650000	0.744296	78.336465	n
16	0.744296	78.336465	0.700000	78.000000	n
17	0.700000	78.000000	0.744296	77.663535	n
18	0.744296	77.663535	0.874167	77.350000	n
19	0.874167	77.350000	1.080761	77.080761	n
20	1.080761	77.080761	1.350000	76.874167	n
21	1.350000	76.874167	1.663535	76.744296	n
22	1.663535	76.744296	2.000000	76.700000	n
23	2.000000	76.700000	2.336465	76.744296	n
24	2.336465	76.744296	2.650000	76.874167	n
25	2.650000	76.874167	2.919239	77.080761	n
26	2.919239	77.080761	3.125833	77.350000	n
27	3.125833	77.350000	3.255704	77.663535	n
28	3.255704	77.663535	3.300000	78.000000	n
29	99.300000	78.000000	99.288878	78.169684	n
30	99.288878	78.169684	99.255704	78.336465	n
31	99.255704	78.336465	99.125833	78.650000	n
32	99.125833	78.650000	98.919239	78.919239	n
33	98.919239	78.919239	98.650000	79.125833	n
34	98.650000	79.125833	98.336465	79.255704	n
35	98.336465	79.255704	98.000000	79.300000	n
36	98.000000	79.300000	97.663535	79.255704	n
37	97.663535	79.255704	97.350000	79.125833	n
38	97.350000	79.125833	97.080761	78.919239	n
39	97.080761	78.919239	96.874167	78.650000	n
40	96.874167	78.650000	96.744296	78.336465	n
41	96.744296	78.336465	96.700000	78.000000	n
42	96.700000	78.000000	96.744296	77.663535	n
43	96.744296	77.663535	96.874167	77.350000	n
44	96.874167	77.350000	97.080761	77.080761	n
45	97.080761	77.080761	97.350000	76.874167	n
46	97.350000	76.874167	97.663535	76.744296	n
47	97.663535	76.744296	98.000000	76.700000	n
48	98.000000	76.700000	98.336465	76.744296	n
49	98.336465	76.744296	98.650000	76.874167	n
50	98.650000	76.874167	98.919239	77.080761	n
51	98.919239	77.080761	99.125833	77.350000	n
52	99.125833	77.350000	99.255704	77.663535	n
53	99.255704	77.663535	99.300000	78.000000	n
54	99.300000	2.000000	99.288878	2.169684	n
55	99.288878	2.169684	99.255704	2.336465	n
56	99.255704	2.336465	99.125833	2.650000	n
57	99.125833	2.650000	98.919239	2.919239	n
58	98.919239	2.919239	98.650000	3.125833	n
59	98.650000	3.125833	98.336465	3.255704	n
60	98.336465	3.255704	98.000000	3.300000	n
61	98.000000	3.300000	97.663535	3.255704	n
62	97.663535	3.255704	97.350000	3.125833	n
63	97.350000	3.125833	97.080761	2.919239	n
64	97.080761	2.919239	96.874167	2.650000	n
65	96.874167	2.650000	96.744296	2.336465	n
66	96.744296	2.336465	96.700000	2.000000	n
67	96.700000	2.000000	96.744296	1.663535	n
68	96.744296	1.663535	96.874167	1.350000	n
69	96.874167	1.350000	97.080761	1.080761	n
70	97.080761	1.080761	97.350000	0.874167	n
71	97.350000	0.874167	97.663535	0.744296	n
72	97.663535	0.744296	98.000000	0.700000	n
73	98.000000	0.700000	98.336465	0.744296	n
74	98.336465	0.744296	98.650000	0.874167	n
75	98.650000	0.874167	98.919239	1.080761	n
76	98.919239	1.080761	99.125833	1.350000	n
77	99.125833	1.350000	99.255704	1.663535	n
78	99.255704	1.663535	99.300000	2.000000	n
79	3.300000	2.000000	3.288878	2.169684	n
80	3.288878	2.169684	3.255704	2.336465	n
81	3.255704	2.336465	3.125833	2.650000	n
82	3.125833	2.650000	2.919239	2.919239	n
83	2.919239	2.919239	2.650000	3.125833	n
84	2.650000	3.125833	2.336465	3.255704	n
85	2.336465	3.255704	2.000000	3.300000	n
86	2.000000	3.300000	1.663535	3.255704	n
87	1.663535	3.255704	1.350000	3.125833	n
88	1.350000	3.125833	1.080761	2.919239	n
89	1.080761	2.919239	0.874167	2.650000	n
90	0.874167	2.650000	0.744296	2.336465	n
91	0.744296	2.336465	0.700000	2.000000	n
92	0.700000	2.000000	0.744296	1.663535	n
93	0.744296	1.663535	0.874167	1.350000	n
94	0.874167	1.350000	1.080761	1.080761	n
95	1.080761	1.080761	1.350000	0.874167	n
96	1.350000	0.874167	1.663535	0.744296	n
97	1.663535	0.744296	2.000000	0.700000	n
98	2.000000	0.700000	2.336465	0.744296	n
99	2.336465	0.744296	2.650000	0.874167	n
100	2.650000	0.874167	2.919239	1.080761	n
101	2.919239	1.080761	3.125833	1.350000	n
102	3.125833	1.350000	3.255704	1.663535	n
103	3.255704	1.663535	3.300000	2.000000	n
Tolerance=0.050000.
*Exact match for i=0 and j=1.
*i point 0.000000	0.000000	100.000000	0.000000	y
*Exact match for i=1 and j=2.
*i point 100.000000	0.000000	100.000000	80.000000	y
*Exact match for i=2 and j=3.
*i point 100.000000	80.000000	0.000000	80.000000	y
*Exact match for i=4 and j=5.
*i point 3.300000	78.000000	3.288878	78.169684	y
*Exact match for i=5 and j=6.
*i point 3.288878	78.169684	3.255704	78.336465	y
*Exact match for i=6 and j=7.
*i point 3.255704	78.336465	3.125833	78.650000	y
*Exact match for i=7 and j=8.
*i point 3.125833	78.650000	2.919239	78.919239	y
*Exact match for i=8 and j=9.
*i point 2.919239	78.919239	2.650000	79.125833	y
*Exact match for i=9 and j=10.
*i point 2.650000	79.125833	2.336465	79.255704	y
*Exact match for i=10 and j=11.
*i point 2.336465	79.255704	2.000000	79.300000	y
*Exact match for i=11 and j=12.
*i point 2.000000	79.300000	1.663535	79.255704	y
*Exact match for i=12 and j=13.
*i point 1.663535	79.255704	1.350000	79.125833	y
*Exact match for i=13 and j=14.
*i point 1.350000	79.125833	1.080761	78.919239	y
*Exact match for i=14 and j=15.
*i point 1.080761	78.919239	0.874167	78.650000	y
*Exact match for i=15 and j=16.
*i point 0.874167	78.650000	0.744296	78.336465	y
*Exact match for i=16 and j=17.
*i point 0.744296	78.336465	0.700000	78.000000	y
*Exact match for i=17 and j=18.
*i point 0.700000	78.000000	0.744296	77.663535	y
*Exact match for i=18 and j=19.
*i point 0.744296	77.663535	0.874167	77.350000	y
*Exact match for i=19 and j=20.
*i point 0.874167	77.350000	1.080761	77.080761	y
*Exact match for i=20 and j=21.
*i point 1.080761	77.080761	1.350000	76.874167	y
*Exact match for i=21 and j=22.
*i point 1.350000	76.874167	1.663535	76.744296	y
*Exact match for i=22 and j=23.
*i point 1.663535	76.744296	2.000000	76.700000	y
*Exact match for i=23 and j=24.
*i point 2.000000	76.700000	2.336465	76.744296	y
*Exact match for i=24 and j=25.
*i point 2.336465	76.744296	2.650000	76.874167	y
*Exact match for i=25 and j=26.
*i point 2.650000	76.874167	2.919239	77.080761	y
*Exact match for i=26 and j=27.
*i point 2.919239	77.080761	3.125833	77.350000	y
*Exact match for i=27 and j=28.
*i point 3.125833	77.350000	3.255704	77.663535	y
*Exact match for i=29 and j=30.
*i point 99.300000	78.000000	99.288878	78.169684	y
*Exact match for i=30 and j=31.
*i point 99.288878	78.169684	99.255704	78.336465	y
*Exact match for i=31 and j=32.
*i point 99.255704	78.336465	99.125833	78.650000	y
*Exact match for i=32 and j=33.
*i point 99.125833	78.650000	98.919239	78.919239	y
*Exact match for i=33 and j=34.
*i point 98.919239	78.919239	98.650000	79.125833	y
*Exact match for i=34 and j=35.
*i point 98.650000	79.125833	98.336465	79.255704	y
*Exact match for i=35 and j=36.
*i point 98.336465	79.255704	98.000000	79.300000	y
*Exact match for i=36 and j=37.
*i point 98.000000	79.300000	97.663535	79.255704	y
*Exact match for i=37 and j=38.
*i point 97.663535	79.255704	97.350000	79.125833	y
*Exact match for i=38 and j=39.
*i point 97.350000	79.125833	97.080761	78.919239	y
*Exact match for i=39 and j=40.
*i point 97.080761	78.919239	96.874167	78.650000	y
*Exact match for i=40 and j=41.
*i point 96.874167	78.650000	96.744296	78.336465	y
*Exact match for i=41 and j=42.
*i point 96.744296	78.336465	96.700000	78.000000	y
*Exact match for i=42 and j=43.
*i point 96.700000	78.000000	96.744296	77.663535	y
*Exact match for i=43 and j=44.
*i point 96.744296	77.663535	96.874167	77.350000	y
*Exact match for i=44 and j=45.
*i point 96.874167	77.350000	97.080761	77.080761	y
*Exact match for i=45 and j=46.
*i point 97.080761	77.080761	97.350000	76.874167	y
*Exact match for i=46 and j=47.
*i point 97.350000	76.874167	97.663535	76.744296	y
*Exact match for i=47 and j=48.
*i point 97.663535	76.744296	98.000000	76.700000	y
*Exact match for i=48 and j=49.
*i point 98.000000	76.700000	98.336465	76.744296	y
*Exact match for i=49 and j=50.
*i point 98.336465	76.744296	98.650000	76.874167	y
*Exact match for i=50 and j=51.
*i point 98.650000	76.874167	98.919239	77.080761	y
*Exact match for i=51 and j=52.
*i point 98.919239	77.080761	99.125833	77.350000	y
*Exact match for i=52 and j=53.
*i point 99.125833	77.350000	99.255704	77.663535	y
*Exact match for i=54 and j=55.
*i point 99.300000	2.000000	99.288878	2.169684	y
*Exact match for i=55 and j=56.
*i point 99.288878	2.169684	99.255704	2.336465	y
*Exact match for i=56 and j=57.
*i point 99.255704	2.336465	99.125833	2.650000	y
*Exact match for i=57 and j=58.
*i point 99.125833	2.650000	98.919239	2.919239	y
*Exact match for i=58 and j=59.
*i point 98.919239	2.919239	98.650000	3.125833	y
*Exact match for i=59 and j=60.
*i point 98.650000	3.125833	98.336465	3.255704	y
*Exact match for i=60 and j=61.
*i point 98.336465	3.255704	98.000000	3.300000	y
*Exact match for i=61 and j=62.
*i point 98.000000	3.300000	97.663535	3.255704	y
*Exact match for i=62 and j=63.
*i point 97.663535	3.255704	97.350000	3.125833	y
*Exact match for i=63 and j=64.
*i point 97.350000	3.125833	97.080761	2.919239	y
*Exact match for i=64 and j=65.
*i point 97.080761	2.919239	96.874167	2.650000	y
*Exact match for i=65 and j=66.
*i point 96.874167	2.650000	96.744296	2.336465	y
*Exact match for i=66 and j=67.
*i point 96.744296	2.336465	96.700000	2.000000	y
*Exact match for i=67 and j=68.
*i point 96.700000	2.000000	96.744296	1.663535	y
*Exact match for i=68 and j=69.
*i point 96.744296	1.663535	96.874167	1.350000	y
*Exact match for i=69 and j=70.
*i point 96.874167	1.350000	97.080761	1.080761	y
*Exact match for i=70 and j=71.
*i point 97.080761	1.080761	97.350000	0.874167	y
*Exact match for i=71 and j=72.
*i point 97.350000	0.874167	97.663535	0.744296	y
*Exact match for i=72 and j=73.
*i point 97.663535	0.744296	98.000000	0.700000	y
*Exact match for i=73 and j=74.
*i point 98.000000	0.700000	98.336465	0.744296	y
*Exact match for i=74 and j=75.
*i point 98.336465	0.744296	98.650000	0.874167	y
*Exact match for i=75 and j=76.
*i point 98.650000	0.874167	98.919239	1.080761	y
*Exact match for i=76 and j=77.
*i point 98.919239	1.080761	99.125833	1.350000	y
*Exact match for i=77 and j=78.
*i point 99.125833	1.350000	99.255704	1.663535	y
*Exact match for i=79 and j=80.
*i point 3.300000	2.000000	3.288878	2.169684	y
*Exact match for i=80 and j=81.
*i point 3.288878	2.169684	3.255704	2.336465	y
*Exact match for i=81 and j=82.
*i point 3.255704	2.336465	3.125833	2.650000	y
*Exact match for i=82 and j=83.
*i point 3.125833	2.650000	2.919239	2.919239	y
*Exact match for i=83 and j=84.
*i point 2.919239	2.919239	2.650000	3.125833	y
*Exact match for i=84 and j=85.
*i point 2.650000	3.125833	2.336465	3.255704	y
*Exact match for i=85 and j=86.
*i point 2.336465	3.255704	2.000000	3.300000	y
*Exact match for i=86 and j=87.
*i point 2.000000	3.300000	1.663535	3.255704	y
*Exact match for i=87 and j=88.
*i point 1.663535	3.255704	1.350000	3.125833	y
*Exact match for i=88 and j=89.
*i point 1.350000	3.125833	1.080761	2.919239	y
*Exact match for i=89 and j=90.
*i point 1.080761	2.919239	0.874167	2.650000	y
*Exact match for i=90 and j=91.
*i point 0.874167	2.650000	0.744296	2.336465	y
*Exact match for i=91 and j=92.
*i point 0.744296	2.336465	0.700000	2.000000	y
*Exact match for i=92 and j=93.
*i point 0.700000	2.000000	0.744296	1.663535	y
*Exact match for i=93 and j=94.
*i point 0.744296	1.663535	0.874167	1.350000	y
*Exact match for i=94 and j=95.
*i point 0.874167	1.350000	1.080761	1.080761	y
*Exact match for i=95 and j=96.
*i point 1.080761	1.080761	1.350000	0.874167	y
*Exact match for i=96 and j=97.
*i point 1.350000	0.874167	1.663535	0.744296	y
*Exact match for i=97 and j=98.
*i point 1.663535	0.744296	2.000000	0.700000	y
*Exact match for i=98 and j=99.
*i point 2.000000	0.700000	2.336465	0.744296	y
*Exact match for i=99 and j=100.
*i point 2.336465	0.744296	2.650000	0.874167	y
*Exact match for i=100 and j=101.
*i point 2.650000	0.874167	2.919239	1.080761	y
*Exact match for i=101 and j=102.
*i point 2.919239	1.080761	3.125833	1.350000	y
*Exact match for i=102 and j=103.
*i point 3.125833	1.350000	3.255704	1.663535	y
########### array after sorts ###########
0	0.000000	0.000000	100.000000	0.000000	y
1	100.000000	0.000000	100.000000	80.000000	y
2	100.000000	80.000000	0.000000	80.000000	y
3	0.000000	80.000000	0.000000	0.000000	y
4	3.300000	78.000000	3.288878	78.169684	y
5	3.288878	78.169684	3.255704	78.336465	y
6	3.255704	78.336465	3.125833	78.650000	y
7	3.125833	78.650000	2.919239	78.919239	y
8	2.919239	78.919239	2.650000	79.125833	y
9	2.650000	79.125833	2.336465	79.255704	y
10	2.336465	79.255704	2.000000	79.300000	y
11	2.000000	79.300000	1.663535	79.255704	y
12	1.663535	79.255704	1.350000	79.125833	y
13	1.350000	79.125833	1.080761	78.919239	y
14	1.080761	78.919239	0.874167	78.650000	y
15	0.874167	78.650000	0.744296	78.336465	y
16	0.744296	78.336465	0.700000	78.000000	y
17	0.700000	78.000000	0.744296	77.663535	y
18	0.744296	77.663535	0.874167	77.350000	y
19	0.874167	77.350000	1.080761	77.080761	y
20	1.080761	77.080761	1.350000	76.874167	y
21	1.350000	76.874167	1.663535	76.744296	y
22	1.663535	76.744296	2.000000	76.700000	y
23	2.000000	76.700000	2.336465	76.744296	y
24	2.336465	76.744296	2.650000	76.874167	y
25	2.650000	76.874167	2.919239	77.080761	y
26	2.919239	77.080761	3.125833	77.350000	y
27	3.125833	77.350000	3.255704	77.663535	y
28	3.255704	77.663535	3.300000	78.000000	y
29	99.300000	78.000000	99.288878	78.169684	y
30	99.288878	78.169684	99.255704	78.336465	y
31	99.255704	78.336465	99.125833	78.650000	y
32	99.125833	78.650000	98.919239	78.919239	y
33	98.919239	78.919239	98.650000	79.125833	y
34	98.650000	79.125833	98.336465	79.255704	y
35	98.336465	79.255704	98.000000	79.300000	y
36	98.000000	79.300000	97.663535	79.255704	y
37	97.663535	79.255704	97.350000	79.125833	y
38	97.350000	79.125833	97.080761	78.919239	y
39	97.080761	78.919239	96.874167	78.650000	y
40	96.874167	78.650000	96.744296	78.336465	y
41	96.744296	78.336465	96.700000	78.000000	y
42	96.700000	78.000000	96.744296	77.663535	y
43	96.744296	77.663535	96.874167	77.350000	y
44	96.874167	77.350000	97.080761	77.080761	y
45	97.080761	77.080761	97.350000	76.874167	y
46	97.350000	76.874167	97.663535	76.744296	y
47	97.663535	76.744296	98.000000	76.700000	y
48	98.000000	76.700000	98.336465	76.744296	y
49	98.336465	76.744296	98.650000	76.874167	y
50	98.650000	76.874167	98.919239	77.080761	y
51	98.919239	77.080761	99.125833	77.350000	y
52	99.125833	77.350000	99.255704	77.663535	y
53	99.255704	77.663535	99.300000	78.000000	y
54	99.300000	2.000000	99.288878	2.169684	y
55	99.288878	2.169684	99.255704	2.336465	y
56	99.255704	2.336465	99.125833	2.650000	y
57	99.125833	2.650000	98.919239	2.919239	y
58	98.919239	2.919239	98.650000	3.125833	y
59	98.650000	3.125833	98.336465	3.255704	y
60	98.336465	3.255704	98.000000	3.300000	y
61	98.000000	3.300000	97.663535	3.255704	y
62	97.663535	3.255704	97.350000	3.125833	y
63	97.350000	3.125833	97.080761	2.919239	y
64	97.080761	2.919239	96.874167	2.650000	y
65	96.874167	2.650000	96.744296	2.336465	y
66	96.744296	2.336465	96.700000	2.000000	y
67	96.700000	2.000000	96.744296	1.663535	y
68	96.744296	1.663535	96.874167	1.350000	y
69	96.874167	1.350000	97.080761	1.080761	y
70	97.080761	1.080761	97.350000	0.874167	y
71	97.350000	0.874167	97.663535	0.744296	y
72	97.663535	0.744296	98.000000	0.700000	y
73	98.000000	0.700000	98.336465	0.744296	y
74	98.336465	0.744296	98.650000	0.874167	y
75	98.650000	0.874167	98.919239	1.080761	y
76	98.919239	1.080761	99.125833	1.350000	y
77	99.125833	1.350000	99.255704	1.663535	y
78	99.255704	1.663535	99.300000	2.000000	y
79	3.300000	2.000000	3.288878	2.169684	y
80	3.288878	2.169684	3.255704	2.336465	y
81	3.255704	2.336465	3.125833	2.650000	y
82	3.125833	2.650000	2.919239	2.919239	y
83	2.919239	2.919239	2.650000	3.125833	y
84	2.650000	3.125833	2.336465	3.255704	y
85	2.336465	3.255704	2.000000	3.300000	y
86	2.000000	3.300000	1.663535	3.255704	y
87	1.663535	3.255704	1.350000	3.125833	y
88	1.350000	3.125833	1.080761	2.919239	y
89	1.080761	2.919239	0.874167	2.650000	y
90	0.874167	2.650000	0.744296	2.336465	y
91	0.744296	2.336465	0.700000	2.000000	y
92	0.700000	2.000000	0.744296	1.663535	y
93	0.744296	1.663535	0.874167	1.350000	y
94	0.874167	1.350000	1.080761	1.080761	y
95	1.080761	1.080761	1.350000	0.874167	y
96	1.350000	0.874167	1.663535	0.744296	y
97	1.663535	0.744296	2.000000	0.700000	y
98	2.000000	0.700000	2.336465	0.744296	y
99	2.336465	0.744296	2.650000	0.874167	y
100	2.650000	0.874167	2.919239	1.080761	y
101	2.919239	1.080761	3.125833	1.350000	y
102	3.125833	1.350000	3.255704	1.663535	y
103	3.255704	1.663535	3.300000	2.000000	y
***************
.BOARD_OUTLINE UNOWNED
1.6
0     0.000000     0.000000     0
0     100.000000     0.000000     0
0     100.000000     80.000000     0
0     0.000000     80.000000     0
0     0.000000     0.000000     0
1     3.300000     78.000000     0
1     3.288878     78.169684     0
1     3.255704     78.336465     0
1     3.125833     78.650000     0
1     2.919239     78.919239     0
1     2.650000     79.125833     0
1     2.336465     79.255704     0
1     2.000000     79.300000     0
1     1.663535     79.255704     0
1     1.350000     79.125833     0
1     1.080761     78.919239     0
1     0.874167     78.650000     0
1     0.744296     78.336465     0
1     0.700000     78.000000     0
1     0.744296     77.663535     0
1     0.874167     77.350000     0
1     1.080761     77.080761     0
1     1.350000     76.874167     0
1     1.663535     76.744296     0
1     2.000000     76.700000     0
1     2.336465     76.744296     0
1     2.650000     76.874167     0
1     2.919239     77.080761     0
1     3.125833     77.350000     0
1     3.255704     77.663535     0
1     3.300000     78.000000     0
2     99.300000     78.000000     0
2     99.288878     78.169684     0
2     99.255704     78.336465     0
2     99.125833     78.650000     0
2     98.919239     78.919239     0
2     98.650000     79.125833     0
2     98.336465     79.255704     0
2     98.000000     79.300000     0
2     97.663535     79.255704     0
2     97.350000     79.125833     0
2     97.080761     78.919239     0
2     96.874167     78.650000     0
2     96.744296     78.336465     0
2     96.700000     78.000000     0
2     96.744296     77.663535     0
2     96.874167     77.350000     0
2     97.080761     77.080761     0
2     97.350000     76.874167     0
2     97.663535     76.744296     0
2     98.000000     76.700000     0
2     98.336465     76.744296     0
2     98.650000     76.874167     0
2     98.919239     77.080761     0
2     99.125833     77.350000     0
2     99.255704     77.663535     0
2     99.300000     78.000000     0
3     99.300000     2.000000     0
3     99.288878     2.169684     0
3     99.255704     2.336465     0
3     99.125833     2.650000     0
3     98.919239     2.919239     0
3     98.650000     3.125833     0
3     98.336465     3.255704     0
3     98.000000     3.300000     0
3     97.663535     3.255704     0
3     97.350000     3.125833     0
3     97.080761     2.919239     0
3     96.874167     2.650000     0
3     96.744296     2.336465     0
3     96.700000     2.000000     0
3     96.744296     1.663535     0
3     96.874167     1.350000     0
3     97.080761     1.080761     0
3     97.350000     0.874167     0
3     97.663535     0.744296     0
3     98.000000     0.700000     0
3     98.336465     0.744296     0
3     98.650000     0.874167     0
3     98.919239     1.080761     0
3     99.125833     1.350000     0
3     99.255704     1.663535     0
3     99.300000     2.000000     0
4     3.300000     2.000000     0
4     3.288878     2.169684     0
4     3.255704     2.336465     0
4     3.125833     2.650000     0
4     2.919239     2.919239     0
4     2.650000     3.125833     0
4     2.336465     3.255704     0
4     2.000000     3.300000     0
4     1.663535     3.255704     0
4     1.350000     3.125833     0
4     1.080761     2.919239     0
4     0.874167     2.650000     0
4     0.744296     2.336465     0
4     0.700000     2.000000     0
4     0.744296     1.663535     0
4     0.874167     1.350000     0
4     1.080761     1.080761     0
4     1.350000     0.874167     0
4     1.663535     0.744296     0
4     2.000000     0.700000     0
4     2.336465     0.744296     0
4     2.650000     0.874167     0
4     2.919239     1.080761     0
4     3.125833     1.350000     0
4     3.255704     1.663535     0
4     3.300000     2.000000     0
